#
# A fatal error has been detected by the Java Runtime Environment:
#
#  SIGSEGV (0xb) at pc=0x00007fff51141e97, pid=10714, tid=0x000000000001f203
#
# JRE version: Java(TM) SE Runtime Environment (8.0_101-b13) (build 1.8.0_101-b13)
# Java VM: Java HotSpot(TM) 64-Bit Server VM (25.101-b13 mixed mode bsd-amd64 compressed oops)
# Problematic frame:
# C  [libobjc.A.dylib+0x6e97]  objc_msgSend+0x17
#
# Failed to write core dump. Core dumps have been disabled. To enable core dumping, try "ulimit -c unlimited" before starting Java again
#
# If you would like to submit a bug report, please visit:
#   http://bugreport.java.com/bugreport/crash.jsp
# The crash happened outside the Java Virtual Machine in native code.
# See problematic frame for where to report the bug.
#

---------------  T H R E A D  ---------------

Current thread (0x00007fe913a66000):  JavaThread "pool-2-thread-1" [_thread_in_native, id=127491, stack(0x0000700011ecb000,0x0000700011fcb000)]

siginfo: si_signo: 11 (SIGSEGV), si_code: 0 (unknown), si_addr: 0x0000000000000000

Registers:
RAX=0x0000000000000000, RBX=0x00007fe916f46f10, RCX=0x0000000000000000, RDX=0x0000000000000000
RSP=0x0000700011fca2e8, RBP=0x0000700011fca310, RSI=0x00007fff285f453e, RDI=0x600007fe916f89c4
R8 =0x0000000000000000, R9 =0x00007fe916f470d8, R10=0x00007ffffffffff8, R11=0x00007fe916f470dc
R12=0x0000000000000010, R13=0x000000011fd96d18, R14=0x0000000000000000, R15=0x0000000000000008
RIP=0x00007fff51141e97, EFLAGS=0x0000000000010246, ERR=0x0000000000000000
  TRAPNO=0x000000000000000d

Top of Stack: (sp=0x0000700011fca2e8)
0x0000700011fca2e8:   0000000127e22f6e 00007fff51141e80
0x0000700011fca2f8:   0000000000000000 00007fe911b115d0
0x0000700011fca308:   00007fe910ef3570 0000700011fca340
0x0000700011fca318:   0000000127e226db 3ff0000000000000
0x0000700011fca328:   00007fe910c8ba70 0000700011fca3b8
0x0000700011fca338:   00007fe913a66000 0000700011fca370
0x0000700011fca348:   0000000127e15992 0000000000000000
0x0000700011fca358:   0000000000000000 0000700000000000
0x0000700011fca368:   00007fe910c8ba70 0000700011fca3a0
0x0000700011fca378:   0000000127e15d20 0000000000000000
0x0000700011fca388:   0000000100000000 00007fe913a661f8
0x0000700011fca398:   0000700011fca488 0000700011fca3e0
0x0000700011fca3a8:   000000012690c60b 0000000000000060
0x0000700011fca3b8:   0000000002010000 00007fe916f9e3a0
0x0000700011fca3c8:   0000000000000000 000000011fd96d18
0x0000700011fca3d8:   0000700011fca488 0000700011fca450
0x0000700011fca3e8:   000000010879d9d4 0000000000000001
0x0000700011fca3f8:   0000700011fca490 0000000000000000
0x0000700011fca408:   000000010879dec9 0000700011fca410
0x0000700011fca418:   0000000000000000 0000700011fca488
0x0000700011fca428:   000000011fd97110 0000000000000000
0x0000700011fca438:   000000011fd96d18 0000000000000000
0x0000700011fca448:   0000700011fca470 0000700011fca4d0
0x0000700011fca458:   000000010878da90 00000006c1ab21d0
0x0000700011fca468:   0000000108797520 00007fe916f9e3a0
0x0000700011fca478:   00000006c1ab21d0 00007fe910c8ba70
0x0000700011fca488:   00007fe910c8ba70 0000700011fca490
0x0000700011fca498:   000000011fd961f0 0000700011fca4f0
0x0000700011fca4a8:   000000011fd97110 0000000000000000
0x0000700011fca4b8:   000000011fd96228 0000700011fca470
0x0000700011fca4c8:   0000700011fca4e8 0000700011fca538
0x0000700011fca4d8:   000000010878da90 0000000000000000 

Instructions: (pc=0x00007fff51141e97)
0x00007fff51141e77:   84 00 00 00 00 00 0f 1f 00 48 85 ff 2e 74 62 40
0x00007fff51141e87:   f6 c7 01 2e 75 66 49 ba f8 ff ff ff ff 7f 00 00
0x00007fff51141e97:   4c 23 17 49 89 f3 45 23 5a 18 49 c1 e3 04 4d 03
0x00007fff51141ea7:   5a 10 49 3b 33 75 04 41 ff 63 08 49 83 3b 01 76 

Register to memory mapping:

RAX=0x0000000000000000 is an unknown value
RBX=0x00007fe916f46f10 is an unknown value
RCX=0x0000000000000000 is an unknown value
RDX=0x0000000000000000 is an unknown value
RSP=0x0000700011fca2e8 is pointing into the stack for thread: 0x00007fe913a66000
RBP=0x0000700011fca310 is pointing into the stack for thread: 0x00007fe913a66000
RSI=0x00007fff285f453e: .str.41.llvm.371263A9+0x417c8 in /System/Library/Frameworks/AppKit.framework/Versions/C/AppKit at 0x00007fff2791d000
RDI=0x600007fe916f89c4 is an unknown value
R8 =0x0000000000000000 is an unknown value
R9 =0x00007fe916f470d8 is an unknown value
R10=0x00007ffffffffff8 is an unknown value
R11=0x00007fe916f470dc is an unknown value
R12=0x0000000000000010 is an unknown value
R13={method} {0x000000011fd96d18} 'read_0' '(JJ)Z' in 'org/opencv/videoio/VideoCapture'
R14=0x0000000000000000 is an unknown value
R15=0x0000000000000008 is an unknown value


Stack: [0x0000700011ecb000,0x0000700011fcb000],  sp=0x0000700011fca2e8,  free space=1020k
Native frames: (J=compiled Java code, j=interpreted, Vv=VM code, C=native code)
C  [libobjc.A.dylib+0x6e97]  objc_msgSend+0x17
C  [libopencv_videoio.3.4.dylib+0x166db]  CvCaptureCAM::grabFrame(double)+0x5d
C  [libopencv_videoio.3.4.dylib+0x9992]  cv::VideoCapture::grab()+0x3e
C  [libopencv_videoio.3.4.dylib+0x9d20]  cv::VideoCapture::read(cv::_OutputArray const&)+0x2a
C  [libopencv_java340.dylib+0x6060b]  Java_org_opencv_videoio_VideoCapture_read_10+0x30
j  org.opencv.videoio.VideoCapture.read_0(JJ)Z+0
j  org.opencv.videoio.VideoCapture.read(Lorg/opencv/core/Mat;)Z+8
j  it.polito.elite.teaching.cv.FXHelloCVController.grabFrame()Lorg/opencv/core/Mat;+43
j  it.polito.elite.teaching.cv.FXHelloCVController.access$000(Lit/polito/elite/teaching/cv/FXHelloCVController;)Lorg/opencv/core/Mat;+1
j  it.polito.elite.teaching.cv.FXHelloCVController$1.run()V+4
j  java.util.concurrent.Executors$RunnableAdapter.call()Ljava/lang/Object;+4
j  java.util.concurrent.FutureTask.runAndReset()Z+47
j  java.util.concurrent.ScheduledThreadPoolExecutor$ScheduledFutureTask.access$301(Ljava/util/concurrent/ScheduledThreadPoolExecutor$ScheduledFutureTask;)Z+1
j  java.util.concurrent.ScheduledThreadPoolExecutor$ScheduledFutureTask.run()V+37
j  java.util.concurrent.ThreadPoolExecutor.runWorker(Ljava/util/concurrent/ThreadPoolExecutor$Worker;)V+95
j  java.util.concurrent.ThreadPoolExecutor$Worker.run()V+5
j  java.lang.Thread.run()V+11
v  ~StubRoutines::call_stub
V  [libjvm.dylib+0x2ecf06]  JavaCalls::call_helper(JavaValue*, methodHandle*, JavaCallArguments*, Thread*)+0x6ae
V  [libjvm.dylib+0x2ed694]  JavaCalls::call_virtual(JavaValue*, KlassHandle, Symbol*, Symbol*, JavaCallArguments*, Thread*)+0x164
V  [libjvm.dylib+0x2ed840]  JavaCalls::call_virtual(JavaValue*, Handle, KlassHandle, Symbol*, Symbol*, Thread*)+0x4a
V  [libjvm.dylib+0x348029]  thread_entry(JavaThread*, Thread*)+0x7c
V  [libjvm.dylib+0x5695ab]  JavaThread::thread_main_inner()+0x9b
V  [libjvm.dylib+0x56ac98]  JavaThread::run()+0x1c2
V  [libjvm.dylib+0x48933a]  java_start(Thread*)+0xf6
C  [libsystem_pthread.dylib+0x36c1]  _pthread_body+0x154
C  [libsystem_pthread.dylib+0x356d]  _pthread_body+0x0
C  [libsystem_pthread.dylib+0x2c5d]  thread_start+0xd
C  0x0000000000000000

Java frames: (J=compiled Java code, j=interpreted, Vv=VM code)
j  org.opencv.videoio.VideoCapture.read_0(JJ)Z+0
j  org.opencv.videoio.VideoCapture.read(Lorg/opencv/core/Mat;)Z+8
j  it.polito.elite.teaching.cv.FXHelloCVController.grabFrame()Lorg/opencv/core/Mat;+43
j  it.polito.elite.teaching.cv.FXHelloCVController.access$000(Lit/polito/elite/teaching/cv/FXHelloCVController;)Lorg/opencv/core/Mat;+1
j  it.polito.elite.teaching.cv.FXHelloCVController$1.run()V+4
j  java.util.concurrent.Executors$RunnableAdapter.call()Ljava/lang/Object;+4
j  java.util.concurrent.FutureTask.runAndReset()Z+47
j  java.util.concurrent.ScheduledThreadPoolExecutor$ScheduledFutureTask.access$301(Ljava/util/concurrent/ScheduledThreadPoolExecutor$ScheduledFutureTask;)Z+1
j  java.util.concurrent.ScheduledThreadPoolExecutor$ScheduledFutureTask.run()V+37
j  java.util.concurrent.ThreadPoolExecutor.runWorker(Ljava/util/concurrent/ThreadPoolExecutor$Worker;)V+95
j  java.util.concurrent.ThreadPoolExecutor$Worker.run()V+5
j  java.lang.Thread.run()V+11
v  ~StubRoutines::call_stub

---------------  P R O C E S S  ---------------

Java Threads: ( => current thread )
  0x00007fe914060000 JavaThread "DestroyJavaVM" [_thread_blocked, id=6147, stack(0x00007000100e2000,0x00007000101e2000)]
  0x00007fe911250000 JavaThread "Java2D Disposer" daemon [_thread_blocked, id=126227, stack(0x00007000120d1000,0x00007000121d1000)]
  0x00007fe911345800 JavaThread "Java2D Queue Flusher" daemon [_thread_blocked, id=125959, stack(0x0000700011fce000,0x00007000120ce000)]
=>0x00007fe913a66000 JavaThread "pool-2-thread-1" [_thread_in_native, id=127491, stack(0x0000700011ecb000,0x0000700011fcb000)]
  0x00007fe911240000 JavaThread "Prism Font Disposer" daemon [_thread_blocked, id=51099, stack(0x000070001192d000,0x0000700011a2d000)]
  0x00007fe913943000 JavaThread "Thread-3" daemon [_thread_in_native, id=32259, stack(0x0000700011724000,0x00007000117a4000)]
  0x00007fe91388b000 JavaThread "Thread-1" daemon [_thread_blocked, id=26371, stack(0x0000700011621000,0x0000700011721000)]
  0x00007fe91504e800 JavaThread "Service Thread" daemon [_thread_blocked, id=15363, stack(0x0000700011318000,0x0000700011418000)]
  0x00007fe913007000 JavaThread "C1 CompilerThread3" daemon [_thread_blocked, id=15875, stack(0x0000700011215000,0x0000700011315000)]
  0x00007fe913004800 JavaThread "C2 CompilerThread2" daemon [_thread_blocked, id=15107, stack(0x0000700011112000,0x0000700011212000)]
  0x00007fe913004000 JavaThread "C2 CompilerThread1" daemon [_thread_blocked, id=14851, stack(0x000070001100f000,0x000070001110f000)]
  0x00007fe911070000 JavaThread "C2 CompilerThread0" daemon [_thread_blocked, id=16899, stack(0x0000700010f0c000,0x000070001100c000)]
  0x00007fe91504e000 JavaThread "Monitor Ctrl-Break" daemon [_thread_in_native, id=14595, stack(0x0000700010e09000,0x0000700010f09000)]
  0x00007fe91106f000 JavaThread "Signal Dispatcher" daemon [_thread_blocked, id=17419, stack(0x0000700010d06000,0x0000700010e06000)]
  0x00007fe912000800 JavaThread "Finalizer" daemon [_thread_blocked, id=19459, stack(0x0000700010c03000,0x0000700010d03000)]
  0x00007fe915004000 JavaThread "Reference Handler" daemon [_thread_blocked, id=19715, stack(0x0000700010b00000,0x0000700010c00000)]

Other Threads:
  0x00007fe913815000 VMThread [stack: 0x00007000109fd000,0x0000700010afd000] [id=19971]
  0x00007fe91504f800 WatcherThread [stack: 0x000070001141b000,0x000070001151b000] [id=22019]

VM state:not at safepoint (normal execution)

VM Mutex/Monitor currently owned by a thread: None

Heap:
 PSYoungGen      total 135680K, used 31023K [0x000000076ab00000, 0x0000000779600000, 0x00000007c0000000)
  eden space 120832K, 13% used [0x000000076ab00000,0x000000076bafbc18,0x0000000772100000)
  from space 14848K, 98% used [0x0000000778780000,0x00000007795d0040,0x0000000779600000)
  to   space 25088K, 0% used [0x0000000776500000,0x0000000776500000,0x0000000777d80000)
 ParOldGen       total 175104K, used 33143K [0x00000006c0000000, 0x00000006cab00000, 0x000000076ab00000)
  object space 175104K, 18% used [0x00000006c0000000,0x00000006c205dc50,0x00000006cab00000)
 Metaspace       used 16958K, capacity 17578K, committed 17792K, reserved 1064960K
  class space    used 2204K, capacity 2384K, committed 2432K, reserved 1048576K

Card table byte_map: [0x0000000106d5d000,0x000000010755e000] byte_map_base: 0x000000010375d000

Marking Bits: (ParMarkBitMap*) 0x00000001062edd20
 Begin Bits: [0x0000000117786000, 0x000000011b786000)
 End Bits:   [0x000000011b786000, 0x000000011f786000)

Polling page: 0x0000000104888000

CodeCache: size=245760Kb used=5181Kb max_used=5181Kb free=240578Kb
 bounds [0x0000000108786000, 0x0000000108ca6000, 0x0000000117786000]
 total_blobs=2533 nmethods=1653 adapters=793
 compilation: enabled

Compilation events (10 events):
Event: 15.992 Thread 0x00007fe913007000 1650       1       java.lang.invoke.MethodHandle::internalForm (5 bytes)
Event: 15.992 Thread 0x00007fe913007000 nmethod 1650 0x0000000108c94bd0 code [0x0000000108c94d20, 0x0000000108c94e30]
Event: 15.993 Thread 0x00007fe913007000 1651       3       sun.reflect.ReflectionFactory::inflationThreshold (4 bytes)
Event: 15.993 Thread 0x00007fe913007000 nmethod 1651 0x0000000108c94e90 code [0x0000000108c94fe0, 0x0000000108c95110]
Event: 15.993 Thread 0x00007fe913007000 1652       1       java.lang.invoke.SimpleMethodHandle::fieldCount (2 bytes)
Event: 15.993 Thread 0x00007fe913007000 nmethod 1652 0x0000000108c95190 code [0x0000000108c952e0, 0x0000000108c953f0]
Event: 15.993 Thread 0x00007fe913007000 1653       3       java.util.concurrent.locks.AbstractQueuedSynchronizer$ConditionObject::checkInterruptWhileWaiting (27 bytes)
Event: 15.994 Thread 0x00007fe913007000 nmethod 1653 0x0000000108c95450 code [0x0000000108c95620, 0x0000000108c95c78]
Event: 15.994 Thread 0x00007fe913007000 1654       3       java.util.concurrent.locks.AbstractQueuedSynchronizer$ConditionObject::await (98 bytes)
Event: 15.995 Thread 0x00007fe913007000 nmethod 1654 0x0000000108c95ed0 code [0x0000000108c96180, 0x0000000108c97328]

GC Heap History (10 events):
Event: 11.935 GC heap before
{Heap before GC invocations=6 (full 0):
 PSYoungGen      total 74752K, used 74384K [0x000000076ab00000, 0x0000000771c80000, 0x00000007c0000000)
  eden space 64000K, 99% used [0x000000076ab00000,0x000000076e92b0a0,0x000000076e980000)
  from space 10752K, 99% used [0x000000076eb00000,0x000000076f579070,0x000000076f580000)
  to   space 26112K, 0% used [0x0000000770300000,0x0000000770300000,0x0000000771c80000)
 ParOldGen       total 175104K, used 26936K [0x00000006c0000000, 0x00000006cab00000, 0x000000076ab00000)
  object space 175104K, 15% used [0x00000006c0000000,0x00000006c1a4e010,0x00000006cab00000)
 Metaspace       used 16779K, capacity 17336K, committed 17536K, reserved 1064960K
  class space    used 2197K, capacity 2373K, committed 2432K, reserved 1048576K
Event: 11.942 GC heap after
Heap after GC invocations=6 (full 0):
 PSYoungGen      total 86016K, used 12636K [0x000000076ab00000, 0x0000000771a00000, 0x00000007c0000000)
  eden space 62464K, 0% used [0x000000076ab00000,0x000000076ab00000,0x000000076e800000)
  from space 23552K, 53% used [0x0000000770300000,0x0000000770f570a0,0x0000000771a00000)
  to   space 25600K, 0% used [0x000000076e800000,0x000000076e800000,0x0000000770100000)
 ParOldGen       total 175104K, used 26944K [0x00000006c0000000, 0x00000006cab00000, 0x000000076ab00000)
  object space 175104K, 15% used [0x00000006c0000000,0x00000006c1a50010,0x00000006cab00000)
 Metaspace       used 16779K, capacity 17336K, committed 17536K, reserved 1064960K
  class space    used 2197K, capacity 2373K, committed 2432K, reserved 1048576K
}
Event: 12.548 GC heap before
{Heap before GC invocations=7 (full 0):
 PSYoungGen      total 86016K, used 74360K [0x000000076ab00000, 0x0000000771a00000, 0x00000007c0000000)
  eden space 62464K, 98% used [0x000000076ab00000,0x000000076e746f70,0x000000076e800000)
  from space 23552K, 53% used [0x0000000770300000,0x0000000770f570a0,0x0000000771a00000)
  to   space 25600K, 0% used [0x000000076e800000,0x000000076e800000,0x0000000770100000)
 ParOldGen       total 175104K, used 26944K [0x00000006c0000000, 0x00000006cab00000, 0x000000076ab00000)
  object space 175104K, 15% used [0x00000006c0000000,0x00000006c1a50010,0x00000006cab00000)
 Metaspace       used 16809K, capacity 17336K, committed 17536K, reserved 1064960K
  class space    used 2197K, capacity 2373K, committed 2432K, reserved 1048576K
Event: 12.559 GC heap after
Heap after GC invocations=7 (full 0):
 PSYoungGen      total 88064K, used 3888K [0x000000076ab00000, 0x0000000775900000, 0x00000007c0000000)
  eden space 62464K, 0% used [0x000000076ab00000,0x000000076ab00000,0x000000076e800000)
  from space 25600K, 15% used [0x000000076e800000,0x000000076ebcc010,0x0000000770100000)
  to   space 26624K, 0% used [0x0000000773f00000,0x0000000773f00000,0x0000000775900000)
 ParOldGen       total 175104K, used 33063K [0x00000006c0000000, 0x00000006cab00000, 0x000000076ab00000)
  object space 175104K, 18% used [0x00000006c0000000,0x00000006c2049c50,0x00000006cab00000)
 Metaspace       used 16809K, capacity 17336K, committed 17536K, reserved 1064960K
  class space    used 2197K, capacity 2373K, committed 2432K, reserved 1048576K
}
Event: 13.066 GC heap before
{Heap before GC invocations=8 (full 0):
 PSYoungGen      total 88064K, used 63701K [0x000000076ab00000, 0x0000000775900000, 0x00000007c0000000)
  eden space 62464K, 95% used [0x000000076ab00000,0x000000076e5694f0,0x000000076e800000)
  from space 25600K, 15% used [0x000000076e800000,0x000000076ebcc010,0x0000000770100000)
  to   space 26624K, 0% used [0x0000000773f00000,0x0000000773f00000,0x0000000775900000)
 ParOldGen       total 175104K, used 33063K [0x00000006c0000000, 0x00000006cab00000, 0x000000076ab00000)
  object space 175104K, 18% used [0x00000006c0000000,0x00000006c2049c50,0x00000006cab00000)
 Metaspace       used 16838K, capacity 17400K, committed 17536K, reserved 1064960K
  class space    used 2197K, capacity 2373K, committed 2432K, reserved 1048576K
Event: 13.077 GC heap after
Heap after GC invocations=8 (full 0):
 PSYoungGen      total 149504K, used 14656K [0x000000076ab00000, 0x0000000775700000, 0x00000007c0000000)
  eden space 124928K, 0% used [0x000000076ab00000,0x000000076ab00000,0x0000000772500000)
  from space 24576K, 59% used [0x0000000773f00000,0x0000000774d50040,0x0000000775700000)
  to   space 25600K, 0% used [0x0000000772500000,0x0000000772500000,0x0000000773e00000)
 ParOldGen       total 175104K, used 33103K [0x00000006c0000000, 0x00000006cab00000, 0x000000076ab00000)
  object space 175104K, 18% used [0x00000006c0000000,0x00000006c2053c50,0x00000006cab00000)
 Metaspace       used 16838K, capacity 17400K, committed 17536K, reserved 1064960K
  class space    used 2197K, capacity 2373K, committed 2432K, reserved 1048576K
}
Event: 14.279 GC heap before
{Heap before GC invocations=9 (full 0):
 PSYoungGen      total 149504K, used 137928K [0x000000076ab00000, 0x0000000775700000, 0x00000007c0000000)
  eden space 124928K, 98% used [0x000000076ab00000,0x00000007723620e8,0x0000000772500000)
  from space 24576K, 59% used [0x0000000773f00000,0x0000000774d50040,0x0000000775700000)
  to   space 25600K, 0% used [0x0000000772500000,0x0000000772500000,0x0000000773e00000)
 ParOldGen       total 175104K, used 33103K [0x00000006c0000000, 0x00000006cab00000, 0x000000076ab00000)
  object space 175104K, 18% used [0x00000006c0000000,0x00000006c2053c50,0x00000006cab00000)
 Metaspace       used 16873K, capacity 17400K, committed 17536K, reserved 1064960K
  class space    used 2197K, capacity 2373K, committed 2432K, reserved 1048576K
Event: 14.284 GC heap after
Heap after GC invocations=9 (full 0):
 PSYoungGen      total 150528K, used 6524K [0x000000076ab00000, 0x000000077a080000, 0x00000007c0000000)
  eden space 124928K, 0% used [0x000000076ab00000,0x000000076ab00000,0x0000000772500000)
  from space 25600K, 25% used [0x0000000772500000,0x0000000772b5f040,0x0000000773e00000)
  to   space 25600K, 0% used [0x0000000778780000,0x0000000778780000,0x000000077a080000)
 ParOldGen       total 175104K, used 33127K [0x00000006c0000000, 0x00000006cab00000, 0x000000076ab00000)
  object space 175104K, 18% used [0x00000006c0000000,0x00000006c2059c50,0x00000006cab00000)
 Metaspace       used 16873K, capacity 17400K, committed 17536K, reserved 1064960K
  class space    used 2197K, capacity 2373K, committed 2432K, reserved 1048576K
}
Event: 15.399 GC heap before
{Heap before GC invocations=10 (full 0):
 PSYoungGen      total 150528K, used 127979K [0x000000076ab00000, 0x000000077a080000, 0x00000007c0000000)
  eden space 124928K, 97% used [0x000000076ab00000,0x000000077219bcf0,0x0000000772500000)
  from space 25600K, 25% used [0x0000000772500000,0x0000000772b5f040,0x0000000773e00000)
  to   space 25600K, 0% used [0x0000000778780000,0x0000000778780000,0x000000077a080000)
 ParOldGen       total 175104K, used 33127K [0x00000006c0000000, 0x00000006cab00000, 0x000000076ab00000)
  object space 175104K, 18% used [0x00000006c0000000,0x00000006c2059c50,0x00000006cab00000)
 Metaspace       used 16920K, capacity 17464K, committed 17792K, reserved 1064960K
  class space    used 2197K, capacity 2373K, committed 2432K, reserved 1048576K
Event: 15.406 GC heap after
Heap after GC invocations=10 (full 0):
 PSYoungGen      total 135680K, used 14656K [0x000000076ab00000, 0x0000000779600000, 0x00000007c0000000)
  eden space 120832K, 0% used [0x000000076ab00000,0x000000076ab00000,0x0000000772100000)
  from space 14848K, 98% used [0x0000000778780000,0x00000007795d0040,0x0000000779600000)
  to   space 25088K, 0% used [0x0000000776500000,0x0000000776500000,0x0000000777d80000)
 ParOldGen       total 175104K, used 33143K [0x00000006c0000000, 0x00000006cab00000, 0x000000076ab00000)
  object space 175104K, 18% used [0x00000006c0000000,0x00000006c205dc50,0x00000006cab00000)
 Metaspace       used 16920K, capacity 17464K, committed 17792K, reserved 1064960K
  class space    used 2197K, capacity 2373K, committed 2432K, reserved 1048576K
}

Deoptimization events (10 events):
Event: 2.591 Thread 0x00007fe914047000 Uncommon trap: reason=class_check action=maybe_recompile pc=0x0000000108a05b84 method=java.io.DataInputStream.readShort()S @ 4
Event: 2.595 Thread 0x00007fe914047000 Uncommon trap: reason=class_check action=maybe_recompile pc=0x00000001088a6b98 method=java.lang.String.equals(Ljava/lang/Object;)Z @ 8
Event: 2.595 Thread 0x00007fe914047000 Uncommon trap: reason=class_check action=maybe_recompile pc=0x00000001088a6b98 method=java.lang.String.equals(Ljava/lang/Object;)Z @ 8
Event: 2.595 Thread 0x00007fe914047000 Uncommon trap: reason=class_check action=maybe_recompile pc=0x00000001088a6b98 method=java.lang.String.equals(Ljava/lang/Object;)Z @ 8
Event: 2.598 Thread 0x00007fe914047000 Uncommon trap: reason=class_check action=maybe_recompile pc=0x00000001088a6b98 method=java.lang.String.equals(Ljava/lang/Object;)Z @ 8
Event: 2.868 Thread 0x00007fe914047000 Uncommon trap: reason=unstable_if action=reinterpret pc=0x00000001089ae1a0 method=java.lang.CharacterData.of(I)Ljava/lang/CharacterData; @ 4
Event: 2.894 Thread 0x00007fe914047000 Uncommon trap: reason=unstable_if action=reinterpret pc=0x0000000108a9f560 method=java.util.HashMap.putVal(ILjava/lang/Object;Ljava/lang/Object;ZZ)Ljava/lang/Object; @ 193
Event: 3.168 Thread 0x00007fe91212c800 Uncommon trap: reason=unstable_if action=reinterpret pc=0x0000000108a3fa54 method=sun.net.www.ParseUtil.encodePath(Ljava/lang/String;Z)Ljava/lang/String; @ 109
Event: 6.262 Thread 0x00007fe914047000 Uncommon trap: reason=unstable_if action=reinterpret pc=0x0000000108ac974c method=jdk.internal.org.objectweb.asm.Type.getArgumentsAndReturnSizes(Ljava/lang/String;)I @ 47
Event: 8.912 Thread 0x00007fe913a66000 Uncommon trap: reason=unstable_if action=reinterpret pc=0x0000000108b84704 method=com.sun.javafx.image.impl.IntTo4ByteSameConverter.doConvert([III[BIIII)V @ 29

Internal exceptions (10 events):
Event: 14.742 Thread 0x00007fe913a66000 Exception <a 'org/opencv/core/CvException': cv::Exception: /tmp/opencv-20180220-33903-5g107o/opencv-3.4.0/modules/imgproc/src/hough.cpp:1498: error: (-211) dp, min_dist, canny_threshold and acc_threshold must be all positive numbers in function HoughCircl
Event: 14.781 Thread 0x00007fe913a66000 Exception <a 'org/opencv/core/CvException': cv::Exception: /tmp/opencv-20180220-33903-5g107o/opencv-3.4.0/modules/imgproc/src/hough.cpp:1498: error: (-211) dp, min_dist, canny_threshold and acc_threshold must be all positive numbers in function HoughCircl
Event: 14.881 Thread 0x00007fe913a66000 Exception <a 'org/opencv/core/CvException': cv::Exception: /tmp/opencv-20180220-33903-5g107o/opencv-3.4.0/modules/imgproc/src/hough.cpp:1498: error: (-211) dp, min_dist, canny_threshold and acc_threshold must be all positive numbers in function HoughCircl
Event: 14.993 Thread 0x00007fe913a66000 Exception <a 'org/opencv/core/CvException': cv::Exception: /tmp/opencv-20180220-33903-5g107o/opencv-3.4.0/modules/imgproc/src/hough.cpp:1498: error: (-211) dp, min_dist, canny_threshold and acc_threshold must be all positive numbers in function HoughCircl
Event: 15.005 Thread 0x00007fe913a66000 Exception <a 'org/opencv/core/CvException': cv::Exception: /tmp/opencv-20180220-33903-5g107o/opencv-3.4.0/modules/imgproc/src/hough.cpp:1498: error: (-211) dp, min_dist, canny_threshold and acc_threshold must be all positive numbers in function HoughCircl
Event: 15.070 Thread 0x00007fe913a66000 Exception <a 'org/opencv/core/CvException': cv::Exception: /tmp/opencv-20180220-33903-5g107o/opencv-3.4.0/modules/imgproc/src/hough.cpp:1498: error: (-211) dp, min_dist, canny_threshold and acc_threshold must be all positive numbers in function HoughCircl
Event: 15.287 Thread 0x00007fe913a66000 Exception <a 'org/opencv/core/CvException': cv::Exception: /tmp/opencv-20180220-33903-5g107o/opencv-3.4.0/modules/imgproc/src/hough.cpp:1498: error: (-211) dp, min_dist, canny_threshold and acc_threshold must be all positive numbers in function HoughCircl
Event: 15.333 Thread 0x00007fe913a66000 Exception <a 'org/opencv/core/CvException': cv::Exception: /tmp/opencv-20180220-33903-5g107o/opencv-3.4.0/modules/imgproc/src/hough.cpp:1498: error: (-211) dp, min_dist, canny_threshold and acc_threshold must be all positive numbers in function HoughCircl
Event: 15.397 Thread 0x00007fe913a66000 Exception <a 'org/opencv/core/CvException': cv::Exception: /tmp/opencv-20180220-33903-5g107o/opencv-3.4.0/modules/imgproc/src/hough.cpp:1498: error: (-211) dp, min_dist, canny_threshold and acc_threshold must be all positive numbers in function HoughCircl
Event: 15.462 Thread 0x00007fe913a66000 Exception <a 'org/opencv/core/CvException': cv::Exception: /tmp/opencv-20180220-33903-5g107o/opencv-3.4.0/modules/imgproc/src/hough.cpp:1498: error: (-211) dp, min_dist, canny_threshold and acc_threshold must be all positive numbers in function HoughCircl

Events (10 events):
Event: 15.977 loading class javafx/application/Application done
Event: 15.993 loading class com/sun/javafx/tk/quantum/QuantumRenderer
Event: 15.993 loading class com/sun/javafx/tk/quantum/QuantumRenderer done
Event: 15.993 loading class com/sun/javafx/tk/quantum/QuantumToolkit
Event: 15.993 loading class com/sun/javafx/tk/quantum/QuantumToolkit done
Event: 15.993 Thread 0x00007fe91212c800 Thread exited: 0x00007fe91212c800
Event: 15.994 Thread 0x00007fe9150e9000 Thread exited: 0x00007fe9150e9000
Event: 15.994 Thread 0x00007fe912013000 Thread exited: 0x00007fe912013000
Event: 15.994 Thread 0x00007fe914047000 Thread exited: 0x00007fe914047000
Event: 15.994 Thread 0x00007fe914060000 Thread added: 0x00007fe914060000


Dynamic libraries:
0x00000000026c6000 	/System/Library/Frameworks/Cocoa.framework/Versions/A/Cocoa
0x00000000026c6000 	/System/Library/Frameworks/Security.framework/Versions/A/Security
0x00000000026c6000 	/System/Library/Frameworks/ApplicationServices.framework/Versions/A/ApplicationServices
0x00000000026c6000 	/usr/lib/libz.1.dylib
0x00000000026c6000 	/usr/lib/libSystem.B.dylib
0x00000000026c6000 	/usr/lib/libobjc.A.dylib
0x00000000026c6000 	/System/Library/Frameworks/CoreFoundation.framework/Versions/A/CoreFoundation
0x00000000026c6000 	/System/Library/Frameworks/Foundation.framework/Versions/C/Foundation
0x00000000026c6000 	/System/Library/Frameworks/AppKit.framework/Versions/C/AppKit
0x00000000026c6000 	/System/Library/Frameworks/CoreData.framework/Versions/A/CoreData
0x00000000026c6000 	/System/Library/PrivateFrameworks/RemoteViewServices.framework/Versions/A/RemoteViewServices
0x00000000026c6000 	/System/Library/PrivateFrameworks/UIFoundation.framework/Versions/A/UIFoundation
0x00000000026c6000 	/System/Library/PrivateFrameworks/DFRFoundation.framework/Versions/A/DFRFoundation
0x00000000026c6000 	/System/Library/Frameworks/Metal.framework/Versions/A/Metal
0x00000000026c6000 	/System/Library/PrivateFrameworks/DesktopServicesPriv.framework/Versions/A/DesktopServicesPriv
0x00000000026c6000 	/usr/lib/libenergytrace.dylib
0x00000000026c6000 	/System/Library/PrivateFrameworks/SkyLight.framework/Versions/A/SkyLight
0x00000000026c6000 	/System/Library/Frameworks/CoreGraphics.framework/Versions/A/CoreGraphics
0x00000000026c6000 	/usr/lib/libScreenReader.dylib
0x00000000026c6000 	/System/Library/Frameworks/Accelerate.framework/Versions/A/Accelerate
0x00000000026c6000 	/System/Library/Frameworks/IOSurface.framework/Versions/A/IOSurface
0x00000000026c6000 	/System/Library/Frameworks/AudioToolbox.framework/Versions/A/AudioToolbox
0x00000000026c6000 	/System/Library/Frameworks/AudioUnit.framework/Versions/A/AudioUnit
0x00000000026c6000 	/System/Library/PrivateFrameworks/DataDetectorsCore.framework/Versions/A/DataDetectorsCore
0x00000000026c6000 	/System/Library/Frameworks/Carbon.framework/Versions/A/Frameworks/HIToolbox.framework/Versions/A/HIToolbox
0x00000000026c6000 	/usr/lib/libicucore.A.dylib
0x00000000026c6000 	/System/Library/Frameworks/QuartzCore.framework/Versions/A/QuartzCore
0x00000000026c6000 	/System/Library/Frameworks/Carbon.framework/Versions/A/Frameworks/SpeechRecognition.framework/Versions/A/SpeechRecognition
0x00000000026c6000 	/usr/lib/libauto.dylib
0x00000000026c6000 	/usr/lib/libxml2.2.dylib
0x00000000026c6000 	/System/Library/PrivateFrameworks/CoreUI.framework/Versions/A/CoreUI
0x00000000026c6000 	/System/Library/Frameworks/CoreAudio.framework/Versions/A/CoreAudio
0x00000000026c6000 	/System/Library/Frameworks/DiskArbitration.framework/Versions/A/DiskArbitration
0x00000000026c6000 	/usr/lib/liblangid.dylib
0x00000000026c6000 	/System/Library/PrivateFrameworks/MultitouchSupport.framework/Versions/A/MultitouchSupport
0x00000000026c6000 	/System/Library/Frameworks/IOKit.framework/Versions/A/IOKit
0x00000000026c6000 	/usr/lib/libDiagnosticMessagesClient.dylib
0x00000000026c6000 	/System/Library/Frameworks/CoreServices.framework/Versions/A/CoreServices
0x00000000026c6000 	/System/Library/PrivateFrameworks/PerformanceAnalysis.framework/Versions/A/PerformanceAnalysis
0x00000000026c6000 	/System/Library/Frameworks/OpenGL.framework/Versions/A/OpenGL
0x00000000026c6000 	/System/Library/Frameworks/ColorSync.framework/Versions/A/ColorSync
0x00000000026c6000 	/System/Library/Frameworks/CoreImage.framework/Versions/A/CoreImage
0x00000000026c6000 	/System/Library/Frameworks/CoreText.framework/Versions/A/CoreText
0x00000000026c6000 	/System/Library/Frameworks/ImageIO.framework/Versions/A/ImageIO
0x00000000026c6000 	/System/Library/PrivateFrameworks/Backup.framework/Versions/A/Backup
0x00000000026c6000 	/usr/lib/libarchive.2.dylib
0x00000000026c6000 	/System/Library/Frameworks/CFNetwork.framework/Versions/A/CFNetwork
0x00000000026c6000 	/System/Library/Frameworks/SystemConfiguration.framework/Versions/A/SystemConfiguration
0x00000000026c6000 	/usr/lib/libCRFSuite.dylib
0x00000000026c6000 	/usr/lib/libc++.1.dylib
0x00000000026c6000 	/usr/lib/libc++abi.dylib
0x00000000026c6000 	/usr/lib/system/libcache.dylib
0x00000000026c6000 	/usr/lib/system/libcommonCrypto.dylib
0x00000000026c6000 	/usr/lib/system/libcompiler_rt.dylib
0x00000000026c6000 	/usr/lib/system/libcopyfile.dylib
0x00000000026c6000 	/usr/lib/system/libcorecrypto.dylib
0x00000000026c6000 	/usr/lib/system/libdispatch.dylib
0x00000000026c6000 	/usr/lib/system/libdyld.dylib
0x00000000026c6000 	/usr/lib/system/libkeymgr.dylib
0x00000000026c6000 	/usr/lib/system/liblaunch.dylib
0x00000000026c6000 	/usr/lib/system/libmacho.dylib
0x00000000026c6000 	/usr/lib/system/libquarantine.dylib
0x00000000026c6000 	/usr/lib/system/libremovefile.dylib
0x00000000026c6000 	/usr/lib/system/libsystem_asl.dylib
0x00000000026c6000 	/usr/lib/system/libsystem_blocks.dylib
0x00000000026c6000 	/usr/lib/system/libsystem_c.dylib
0x00000000026c6000 	/usr/lib/system/libsystem_configuration.dylib
0x00000000026c6000 	/usr/lib/system/libsystem_coreservices.dylib
0x00000000026c6000 	/usr/lib/system/libsystem_darwin.dylib
0x00000000026c6000 	/usr/lib/system/libsystem_dnssd.dylib
0x00000000026c6000 	/usr/lib/system/libsystem_info.dylib
0x00000000026c6000 	/usr/lib/system/libsystem_m.dylib
0x00000000026c6000 	/usr/lib/system/libsystem_malloc.dylib
0x00000000026c6000 	/usr/lib/system/libsystem_network.dylib
0x00000000026c6000 	/usr/lib/system/libsystem_networkextension.dylib
0x00000000026c6000 	/usr/lib/system/libsystem_notify.dylib
0x00000000026c6000 	/usr/lib/system/libsystem_sandbox.dylib
0x00000000026c6000 	/usr/lib/system/libsystem_secinit.dylib
0x00000000026c6000 	/usr/lib/system/libsystem_kernel.dylib
0x00000000026c6000 	/usr/lib/system/libsystem_platform.dylib
0x00000000026c6000 	/usr/lib/system/libsystem_pthread.dylib
0x00000000026c6000 	/usr/lib/system/libsystem_symptoms.dylib
0x00000000026c6000 	/usr/lib/system/libsystem_trace.dylib
0x00000000026c6000 	/usr/lib/system/libunwind.dylib
0x00000000026c6000 	/usr/lib/system/libxpc.dylib
0x00000000026c6000 	/usr/lib/closure/libclosured.dylib
0x00000000026c6000 	/usr/lib/libbsm.0.dylib
0x00000000026c6000 	/usr/lib/system/libkxld.dylib
0x00000000026c6000 	/usr/lib/libOpenScriptingUtil.dylib
0x00000000026c6000 	/usr/lib/libcoretls.dylib
0x00000000026c6000 	/usr/lib/libcoretls_cfhelpers.dylib
0x00000000026c6000 	/usr/lib/libpam.2.dylib
0x00000000026c6000 	/usr/lib/libsqlite3.dylib
0x00000000026c6000 	/usr/lib/libxar.1.dylib
0x00000000026c6000 	/usr/lib/libbz2.1.0.dylib
0x00000000026c6000 	/usr/lib/liblzma.5.dylib
0x00000000026c6000 	/usr/lib/libnetwork.dylib
0x00000000026c6000 	/usr/lib/libapple_nghttp2.dylib
0x00000000026c6000 	/usr/lib/libpcap.A.dylib
0x00000000026c6000 	/usr/lib/libboringssl.dylib
0x00000000026c6000 	/usr/lib/libusrtcp.dylib
0x00000000026c6000 	/usr/lib/libapple_crypto.dylib
0x00000000026c6000 	/System/Library/Frameworks/CoreServices.framework/Versions/A/Frameworks/FSEvents.framework/Versions/A/FSEvents
0x00000000026c6000 	/System/Library/Frameworks/CoreServices.framework/Versions/A/Frameworks/CarbonCore.framework/Versions/A/CarbonCore
0x00000000026c6000 	/System/Library/Frameworks/CoreServices.framework/Versions/A/Frameworks/Metadata.framework/Versions/A/Metadata
0x00000000026c6000 	/System/Library/Frameworks/CoreServices.framework/Versions/A/Frameworks/OSServices.framework/Versions/A/OSServices
0x00000000026c6000 	/System/Library/Frameworks/CoreServices.framework/Versions/A/Frameworks/SearchKit.framework/Versions/A/SearchKit
0x00000000026c6000 	/System/Library/Frameworks/CoreServices.framework/Versions/A/Frameworks/AE.framework/Versions/A/AE
0x00000000026c6000 	/System/Library/Frameworks/CoreServices.framework/Versions/A/Frameworks/LaunchServices.framework/Versions/A/LaunchServices
0x00000000026c6000 	/System/Library/Frameworks/CoreServices.framework/Versions/A/Frameworks/DictionaryServices.framework/Versions/A/DictionaryServices
0x00000000026c6000 	/System/Library/Frameworks/CoreServices.framework/Versions/A/Frameworks/SharedFileList.framework/Versions/A/SharedFileList
0x00000000026c6000 	/System/Library/Frameworks/NetFS.framework/Versions/A/NetFS
0x00000000026c6000 	/System/Library/PrivateFrameworks/NetAuth.framework/Versions/A/NetAuth
0x00000000026c6000 	/System/Library/PrivateFrameworks/login.framework/Versions/A/Frameworks/loginsupport.framework/Versions/A/loginsupport
0x00000000026c6000 	/System/Library/PrivateFrameworks/TCC.framework/Versions/A/TCC
0x00000000026c6000 	/usr/lib/libmecabra.dylib
0x00000000026c6000 	/System/Library/Frameworks/ApplicationServices.framework/Versions/A/Frameworks/ATS.framework/Versions/A/ATS
0x00000000026c6000 	/System/Library/Frameworks/ApplicationServices.framework/Versions/A/Frameworks/ColorSyncLegacy.framework/Versions/A/ColorSyncLegacy
0x00000000026c6000 	/System/Library/Frameworks/ApplicationServices.framework/Versions/A/Frameworks/HIServices.framework/Versions/A/HIServices
0x00000000026c6000 	/System/Library/Frameworks/ApplicationServices.framework/Versions/A/Frameworks/LangAnalysis.framework/Versions/A/LangAnalysis
0x00000000026c6000 	/System/Library/Frameworks/ApplicationServices.framework/Versions/A/Frameworks/PrintCore.framework/Versions/A/PrintCore
0x00000000026c6000 	/System/Library/Frameworks/ApplicationServices.framework/Versions/A/Frameworks/QD.framework/Versions/A/QD
0x00000000026c6000 	/System/Library/Frameworks/ApplicationServices.framework/Versions/A/Frameworks/SpeechSynthesis.framework/Versions/A/SpeechSynthesis
0x00000000026c6000 	/System/Library/Frameworks/CoreDisplay.framework/Versions/A/CoreDisplay
0x00000000026c6000 	/System/Library/Frameworks/Accelerate.framework/Versions/A/Frameworks/vImage.framework/Versions/A/vImage
0x00000000026c6000 	/System/Library/Frameworks/Accelerate.framework/Versions/A/Frameworks/vecLib.framework/Versions/A/vecLib
0x00000000026c6000 	/System/Library/Frameworks/Accelerate.framework/Versions/A/Frameworks/vecLib.framework/Versions/A/libvDSP.dylib
0x00000000026c6000 	/System/Library/Frameworks/Accelerate.framework/Versions/A/Frameworks/vecLib.framework/Versions/A/libBNNS.dylib
0x00000000026c6000 	/System/Library/Frameworks/Accelerate.framework/Versions/A/Frameworks/vecLib.framework/Versions/A/libQuadrature.dylib
0x00000000026c6000 	/System/Library/Frameworks/Accelerate.framework/Versions/A/Frameworks/vecLib.framework/Versions/A/libvMisc.dylib
0x00000000026c6000 	/System/Library/Frameworks/Accelerate.framework/Versions/A/Frameworks/vecLib.framework/Versions/A/libLAPACK.dylib
0x00000000026c6000 	/System/Library/Frameworks/Accelerate.framework/Versions/A/Frameworks/vecLib.framework/Versions/A/libBLAS.dylib
0x00000000026c6000 	/System/Library/Frameworks/Accelerate.framework/Versions/A/Frameworks/vecLib.framework/Versions/A/libLinearAlgebra.dylib
0x00000000026c6000 	/System/Library/Frameworks/Accelerate.framework/Versions/A/Frameworks/vecLib.framework/Versions/A/libSparse.dylib
0x00000000026c6000 	/System/Library/Frameworks/Accelerate.framework/Versions/A/Frameworks/vecLib.framework/Versions/A/libSparseBLAS.dylib
0x00000000026c6000 	/System/Library/PrivateFrameworks/IOAccelerator.framework/Versions/A/IOAccelerator
0x00000000026c6000 	/System/Library/PrivateFrameworks/IOPresentment.framework/Versions/A/IOPresentment
0x00000000026c6000 	/System/Library/PrivateFrameworks/DSExternalDisplay.framework/Versions/A/DSExternalDisplay
0x00000000026c6000 	/System/Library/Frameworks/OpenGL.framework/Versions/A/Libraries/libCoreFSCache.dylib
0x00000000026c6000 	/System/Library/Frameworks/CoreVideo.framework/Versions/A/CoreVideo
0x00000000026c6000 	/System/Library/PrivateFrameworks/GraphVisualizer.framework/Versions/A/GraphVisualizer
0x00000000026c6000 	/System/Library/Frameworks/MetalPerformanceShaders.framework/Versions/A/MetalPerformanceShaders
0x00000000026c6000 	/usr/lib/libFosl_dynamic.dylib
0x00000000026c6000 	/System/Library/PrivateFrameworks/FaceCore.framework/Versions/A/FaceCore
0x00000000026c6000 	/System/Library/Frameworks/OpenCL.framework/Versions/A/OpenCL
0x00000000026c6000 	/usr/lib/libcompression.dylib
0x00000000026c6000 	/System/Library/Frameworks/ApplicationServices.framework/Versions/A/Frameworks/ATS.framework/Versions/A/Resources/libFontParser.dylib
0x00000000026c6000 	/System/Library/Frameworks/ApplicationServices.framework/Versions/A/Frameworks/ATS.framework/Versions/A/Resources/libFontRegistry.dylib
0x00000000026c6000 	/System/Library/Frameworks/ImageIO.framework/Versions/A/Resources/libJPEG.dylib
0x00000000026c6000 	/System/Library/Frameworks/ImageIO.framework/Versions/A/Resources/libTIFF.dylib
0x00000000026c6000 	/System/Library/Frameworks/ImageIO.framework/Versions/A/Resources/libPng.dylib
0x00000000026c6000 	/System/Library/Frameworks/ImageIO.framework/Versions/A/Resources/libGIF.dylib
0x00000000026c6000 	/System/Library/Frameworks/ImageIO.framework/Versions/A/Resources/libJP2.dylib
0x00000000026c6000 	/System/Library/Frameworks/ImageIO.framework/Versions/A/Resources/libRadiance.dylib
0x00000000026c6000 	/System/Library/PrivateFrameworks/AppleJPEG.framework/Versions/A/AppleJPEG
0x00000000026c6000 	/System/Library/PrivateFrameworks/MetalTools.framework/Versions/A/MetalTools
0x00000000026c6000 	/System/Library/Frameworks/MetalPerformanceShaders.framework/Frameworks/MPSCore.framework/Versions/A/MPSCore
0x00000000026c6000 	/System/Library/Frameworks/MetalPerformanceShaders.framework/Frameworks/MPSImage.framework/Versions/A/MPSImage
0x00000000026c6000 	/System/Library/Frameworks/MetalPerformanceShaders.framework/Frameworks/MPSMatrix.framework/Versions/A/MPSMatrix
0x00000000026c6000 	/System/Library/Frameworks/MetalPerformanceShaders.framework/Frameworks/MPSNeuralNetwork.framework/Versions/A/MPSNeuralNetwork
0x00000000026c6000 	/System/Library/Frameworks/OpenGL.framework/Versions/A/Libraries/libGLU.dylib
0x00000000026c6000 	/System/Library/Frameworks/OpenGL.framework/Versions/A/Libraries/libGFXShared.dylib
0x00000000026c6000 	/System/Library/Frameworks/OpenGL.framework/Versions/A/Libraries/libGL.dylib
0x00000000026c6000 	/System/Library/Frameworks/OpenGL.framework/Versions/A/Libraries/libGLImage.dylib
0x00000000026c6000 	/System/Library/Frameworks/OpenGL.framework/Versions/A/Libraries/libCVMSPluginSupport.dylib
0x00000000026c6000 	/System/Library/Frameworks/OpenGL.framework/Versions/A/Libraries/libCoreVMClient.dylib
0x00000000026c6000 	/usr/lib/libcups.2.dylib
0x00000000026c6000 	/System/Library/Frameworks/Kerberos.framework/Versions/A/Kerberos
0x00000000026c6000 	/System/Library/Frameworks/GSS.framework/Versions/A/GSS
0x00000000026c6000 	/usr/lib/libresolv.9.dylib
0x00000000026c6000 	/usr/lib/libiconv.2.dylib
0x00000000026c6000 	/System/Library/PrivateFrameworks/Heimdal.framework/Versions/A/Heimdal
0x00000000026c6000 	/usr/lib/libheimdal-asn1.dylib
0x00000000026c6000 	/System/Library/Frameworks/OpenDirectory.framework/Versions/A/OpenDirectory
0x00000000026c6000 	/System/Library/PrivateFrameworks/CommonAuth.framework/Versions/A/CommonAuth
0x00000000026c6000 	/System/Library/Frameworks/OpenDirectory.framework/Versions/A/Frameworks/CFOpenDirectory.framework/Versions/A/CFOpenDirectory
0x00000000026c6000 	/System/Library/Frameworks/SecurityFoundation.framework/Versions/A/SecurityFoundation
0x00000000026c6000 	/System/Library/PrivateFrameworks/APFS.framework/Versions/A/APFS
0x00000000026c6000 	/usr/lib/libutil.dylib
0x00000000026c6000 	/System/Library/PrivateFrameworks/AppleSauce.framework/Versions/A/AppleSauce
0x00000000026c6000 	/System/Library/PrivateFrameworks/LinguisticData.framework/Versions/A/LinguisticData
0x00000000026c6000 	/usr/lib/libmarisa.dylib
0x00000000026c6000 	/System/Library/PrivateFrameworks/Lexicon.framework/Versions/A/Lexicon
0x00000000026c6000 	/usr/lib/libChineseTokenizer.dylib
0x00000000026c6000 	/usr/lib/libcmph.dylib
0x00000000026c6000 	/System/Library/PrivateFrameworks/LanguageModeling.framework/Versions/A/LanguageModeling
0x00000000026c6000 	/System/Library/PrivateFrameworks/CoreEmoji.framework/Versions/A/CoreEmoji
0x00000000026c6000 	/System/Library/Frameworks/ServiceManagement.framework/Versions/A/ServiceManagement
0x00000000026c6000 	/System/Library/PrivateFrameworks/BackgroundTaskManagement.framework/Versions/A/BackgroundTaskManagement
0x00000000026c6000 	/usr/lib/libxslt.1.dylib
0x00000000026c6000 	/System/Library/Frameworks/Carbon.framework/Versions/A/Frameworks/Ink.framework/Versions/A/Ink
0x00000000026c6000 	/System/Library/PrivateFrameworks/TextureIO.framework/Versions/A/TextureIO
0x00000000026c6000 	/usr/lib/libate.dylib
0x00000000026c6000 	/System/Library/PrivateFrameworks/CrashReporterSupport.framework/Versions/A/CrashReporterSupport
0x00000000026c6000 	/System/Library/PrivateFrameworks/Sharing.framework/Versions/A/Sharing
0x00000000026c6000 	/System/Library/PrivateFrameworks/IconServices.framework/Versions/A/IconServices
0x00000000026c6000 	/System/Library/PrivateFrameworks/ProtocolBuffer.framework/Versions/A/ProtocolBuffer
0x00000000026c6000 	/System/Library/PrivateFrameworks/Apple80211.framework/Versions/A/Apple80211
0x00000000026c6000 	/System/Library/Frameworks/CoreWLAN.framework/Versions/A/CoreWLAN
0x00000000026c6000 	/System/Library/PrivateFrameworks/CoreUtils.framework/Versions/A/CoreUtils
0x00000000026c6000 	/System/Library/Frameworks/IOBluetooth.framework/Versions/A/IOBluetooth
0x00000000026c6000 	/System/Library/PrivateFrameworks/CoreWiFi.framework/Versions/A/CoreWiFi
0x00000000026c6000 	/System/Library/Frameworks/CoreBluetooth.framework/Versions/A/CoreBluetooth
0x00000000026c6000 	/System/Library/PrivateFrameworks/SignpostNotification.framework/Versions/A/SignpostNotification
0x00000000026c6000 	/System/Library/PrivateFrameworks/DebugSymbols.framework/Versions/A/DebugSymbols
0x00000000026c6000 	/System/Library/PrivateFrameworks/CoreSymbolication.framework/Versions/A/CoreSymbolication
0x00000000026c6000 	/System/Library/PrivateFrameworks/Symbolication.framework/Versions/A/Symbolication
0x00000000026c6000 	/System/Library/PrivateFrameworks/AppleFSCompression.framework/Versions/A/AppleFSCompression
0x00000000026c6000 	/System/Library/PrivateFrameworks/SpeechRecognitionCore.framework/Versions/A/SpeechRecognitionCore
0x0000000105a00000 	/Library/Java/JavaVirtualMachines/jdk1.8.0_101.jdk/Contents/Home/jre/lib/server/libjvm.dylib
0x00000000026c6000 	/usr/lib/libstdc++.6.0.9.dylib
0x0000000104845000 	/Library/Java/JavaVirtualMachines/jdk1.8.0_101.jdk/Contents/Home/jre/lib/libverify.dylib
0x0000000104853000 	/Library/Java/JavaVirtualMachines/jdk1.8.0_101.jdk/Contents/Home/jre/lib/libjava.dylib
0x0000000104889000 	/Library/Java/JavaVirtualMachines/jdk1.8.0_101.jdk/Contents/Home/jre/lib/libinstrument.dylib
0x0000000104927000 	/Library/Java/JavaVirtualMachines/jdk1.8.0_101.jdk/Contents/Home/jre/lib/libzip.dylib
0x00000000026c6000 	/System/Library/Frameworks/JavaVM.framework/Versions/A/Frameworks/JavaRuntimeSupport.framework/Versions/A/JavaRuntimeSupport
0x00000000026c6000 	/System/Library/Frameworks/JavaVM.framework/Versions/A/Frameworks/JavaNativeFoundation.framework/Versions/A/JavaNativeFoundation
0x00000000026c6000 	/System/Library/Frameworks/JavaVM.framework/Versions/A/JavaVM
0x00000000026c6000 	/System/Library/Frameworks/Carbon.framework/Versions/A/Carbon
0x00000000026c6000 	/System/Library/PrivateFrameworks/JavaLaunching.framework/Versions/A/JavaLaunching
0x00000000026c6000 	/System/Library/Frameworks/Carbon.framework/Versions/A/Frameworks/CommonPanels.framework/Versions/A/CommonPanels
0x00000000026c6000 	/System/Library/Frameworks/Carbon.framework/Versions/A/Frameworks/Help.framework/Versions/A/Help
0x00000000026c6000 	/System/Library/Frameworks/Carbon.framework/Versions/A/Frameworks/ImageCapture.framework/Versions/A/ImageCapture
0x00000000026c6000 	/System/Library/Frameworks/Carbon.framework/Versions/A/Frameworks/OpenScripting.framework/Versions/A/OpenScripting
0x00000000026c6000 	/System/Library/Frameworks/Carbon.framework/Versions/A/Frameworks/Print.framework/Versions/A/Print
0x00000000026c6000 	/System/Library/Frameworks/Carbon.framework/Versions/A/Frameworks/SecurityHI.framework/Versions/A/SecurityHI
0x00000001234f6000 	/Library/Java/JavaVirtualMachines/jdk1.8.0_101.jdk/Contents/Home/jre/lib/libnet.dylib
0x00000001235eb000 	/Library/Java/JavaVirtualMachines/jdk1.8.0_101.jdk/Contents/Home/jre/lib/libprism_es2.dylib
0x00000000026c6000 	/System/Library/PrivateFrameworks/CoreServicesInternal.framework/Versions/A/CoreServicesInternal
0x00000000026c6000 	/System/Library/Frameworks/OpenGL.framework/Versions/A/Resources/GLEngine.bundle/GLEngine
0x00000000026c6000 	/System/Library/Frameworks/OpenGL.framework/Versions/A/Libraries/libGLProgrammability.dylib
0x0000000123695000 	/System/Library/Extensions/AppleIntelHD4000GraphicsGLDriver.bundle/Contents/MacOS/AppleIntelHD4000GraphicsGLDriver
0x00000000026c6000 	/System/Library/PrivateFrameworks/GPUSupport.framework/Versions/A/Libraries/libGPUSupportMercury.dylib
0x00000000026c6000 	/System/Library/Extensions/GeForceGLDriver.bundle/Contents/MacOS/GeForceGLDriver
0x00000000026c6000 	/System/Library/Extensions/GeForceGLDriver.bundle/Contents/MacOS/libclh.dylib
0x00000000026c6000 	/System/Library/Frameworks/OpenGL.framework/Versions/A/Resources/GLRendererFloat.bundle/GLRendererFloat
0x00000000026c6000 	/System/Library/Frameworks/OpenCL.framework/Versions/A/Libraries/libcldcpuengine.dylib
0x00000000026c6000 	/usr/lib/libcrypto.35.dylib
0x00000000026c6000 	/System/Library/PrivateFrameworks/TrustEvaluationAgent.framework/Versions/A/TrustEvaluationAgent
0x0000000124225000 	/Library/Java/JavaVirtualMachines/jdk1.8.0_101.jdk/Contents/Home/jre/lib/libglass.dylib
0x00000000026c6000 	/System/Library/CoreServices/RawCamera.bundle/Contents/MacOS/RawCamera
0x00000000026c6000 	/System/Library/PrivateFrameworks/MobileAsset.framework/Versions/A/MobileAsset
0x00000000026c6000 	/System/Library/PrivateFrameworks/StreamingZip.framework/Versions/A/StreamingZip
0x00000000026c6000 	/System/Library/Frameworks/MediaToolbox.framework/Versions/A/MediaToolbox
0x00000000026c6000 	/System/Library/PrivateFrameworks/CoreAVCHD.framework/Versions/A/CoreAVCHD
0x00000000026c6000 	/System/Library/Frameworks/MediaAccessibility.framework/Versions/A/MediaAccessibility
0x00000000026c6000 	/System/Library/PrivateFrameworks/Mangrove.framework/Versions/A/Mangrove
0x00000000026c6000 	/System/Library/Frameworks/CoreMedia.framework/Versions/A/CoreMedia
0x00000000026c6000 	/System/Library/Frameworks/VideoToolbox.framework/Versions/A/VideoToolbox
0x00000000026c6000 	/System/Library/PrivateFrameworks/CoreAUC.framework/Versions/A/CoreAUC
0x00000000026c6000 	/usr/lib/libspindump.dylib
0x00000000026c6000 	/usr/lib/libdscsym.dylib
0x00000000026c6000 	/System/Library/PrivateFrameworks/AppleVA.framework/Versions/A/AppleVA
0x00000000026c6000 	/System/Library/Frameworks/Accelerate.framework/Versions/A/Frameworks/vImage.framework/Versions/A/Libraries/libCGInterfaces.dylib
0x00000000026c6000 	/System/Library/PrivateFrameworks/FamilyControls.framework/Versions/A/FamilyControls
0x00000000026c6000 	/System/Library/PrivateFrameworks/CommerceKit.framework/Versions/A/Frameworks/CommerceCore.framework/Versions/A/CommerceCore
0x00000000026c6000 	/System/Library/PrivateFrameworks/SystemAdministration.framework/Versions/A/SystemAdministration
0x00000000026c6000 	/System/Library/PrivateFrameworks/AppContainer.framework/Versions/A/AppContainer
0x00000000026c6000 	/System/Library/PrivateFrameworks/SecCodeWrapper.framework/Versions/A/SecCodeWrapper
0x00000000026c6000 	/System/Library/PrivateFrameworks/DiskManagement.framework/Versions/A/DiskManagement
0x00000000026c6000 	/System/Library/Frameworks/DirectoryService.framework/Versions/A/DirectoryService
0x00000000026c6000 	/System/Library/PrivateFrameworks/DiskImages.framework/Versions/A/DiskImages
0x00000000026c6000 	/System/Library/PrivateFrameworks/LoginUIKit.framework/Versions/A/Frameworks/LoginUICore.framework/Versions/A/LoginUICore
0x00000000026c6000 	/usr/lib/libCoreStorage.dylib
0x00000000026c6000 	/usr/lib/libcsfde.dylib
0x00000000026c6000 	/usr/lib/libodfde.dylib
0x00000000026c6000 	/System/Library/PrivateFrameworks/MediaKit.framework/Versions/A/MediaKit
0x00000000026c6000 	/System/Library/Frameworks/DiscRecording.framework/Versions/A/DiscRecording
0x00000000026c6000 	/System/Library/PrivateFrameworks/EFILogin.framework/Versions/A/EFILogin
0x00000000026c6000 	/System/Library/PrivateFrameworks/ProtectedCloudStorage.framework/Versions/A/ProtectedCloudStorage
0x00000000026c6000 	/usr/lib/libcurl.4.dylib
0x00000000026c6000 	/usr/lib/libssl.35.dylib
0x00000000026c6000 	/System/Library/Frameworks/LDAP.framework/Versions/A/LDAP
0x00000000026c6000 	/usr/lib/libsasl2.2.dylib
0x00000000026c6000 	/System/Library/PrivateFrameworks/CoreDaemon.framework/Versions/B/CoreDaemon
0x00000000026c6000 	/System/Library/PrivateFrameworks/AppleSRP.framework/Versions/A/AppleSRP
0x00000001268ac000 	/usr/local/Cellar/opencv/3.4.0_1/share/OpenCV/java/libopencv_java340.dylib
0x0000000126a0c000 	/usr/local/Cellar/opencv/3.4.0_1/lib/libopencv_xphoto.3.4.dylib
0x0000000126aa4000 	/usr/local/Cellar/opencv/3.4.0_1/lib/libopencv_img_hash.3.4.dylib
0x0000000126aba000 	/usr/local/Cellar/opencv/3.4.0_1/lib/libopencv_bioinspired.3.4.dylib
0x0000000126b03000 	/usr/local/Cellar/opencv/3.4.0_1/lib/libopencv_structured_light.3.4.dylib
0x0000000126b1d000 	/usr/local/Cellar/opencv/3.4.0_1/lib/libopencv_xfeatures2d.3.4.dylib
0x0000000126e0d000 	/usr/local/Cellar/opencv/3.4.0_1/lib/libopencv_ximgproc.3.4.dylib
0x000000012703f000 	/usr/local/Cellar/opencv/3.4.0_1/lib/libopencv_aruco.3.4.dylib
0x000000012709c000 	/usr/local/Cellar/opencv/3.4.0_1/lib/libopencv_face.3.4.dylib
0x000000012714a000 	/usr/local/Cellar/opencv/3.4.0_1/lib/libopencv_phase_unwrapping.3.4.dylib
0x0000000127154000 	/usr/local/Cellar/opencv/3.4.0_1/lib/libopencv_shape.3.4.dylib
0x0000000127187000 	/usr/local/Cellar/opencv/3.4.0_1/lib/libopencv_calib3d.3.4.dylib
0x0000000127336000 	/usr/local/Cellar/opencv/3.4.0_1/lib/libopencv_objdetect.3.4.dylib
0x00000001273a8000 	/usr/local/Cellar/opencv/3.4.0_1/lib/libopencv_photo.3.4.dylib
0x0000000127472000 	/usr/local/Cellar/opencv/3.4.0_1/lib/libopencv_tracking.3.4.dylib
0x000000012766e000 	/usr/local/Cellar/opencv/3.4.0_1/lib/libopencv_plot.3.4.dylib
0x0000000127679000 	/usr/local/Cellar/opencv/3.4.0_1/lib/libopencv_video.3.4.dylib
0x00000001276d8000 	/usr/local/Cellar/opencv/3.4.0_1/lib/libopencv_datasets.3.4.dylib
0x0000000127734000 	/usr/local/Cellar/opencv/3.4.0_1/lib/libopencv_text.3.4.dylib
0x0000000127876000 	/usr/local/Cellar/opencv/3.4.0_1/lib/libopencv_ml.3.4.dylib
0x000000012792b000 	/usr/local/Cellar/opencv/3.4.0_1/lib/libopencv_dnn.3.4.dylib
0x0000000127cd8000 	/usr/local/Cellar/opencv/3.4.0_1/lib/libopencv_features2d.3.4.dylib
0x0000000127d96000 	/usr/local/Cellar/opencv/3.4.0_1/lib/libopencv_flann.3.4.dylib
0x0000000127df6000 	/usr/local/Cellar/opencv/3.4.0_1/lib/libopencv_highgui.3.4.dylib
0x0000000127e0c000 	/usr/local/Cellar/opencv/3.4.0_1/lib/libopencv_videoio.3.4.dylib
0x0000000127e3b000 	/usr/local/Cellar/opencv/3.4.0_1/lib/libopencv_imgcodecs.3.4.dylib
0x0000000127f00000 	/usr/local/Cellar/opencv/3.4.0_1/lib/libopencv_imgproc.3.4.dylib
0x000000012a4cb000 	/usr/local/Cellar/opencv/3.4.0_1/lib/libopencv_core.3.4.dylib
0x000000012b134000 	/usr/local/opt/ffmpeg/lib/libavcodec.57.dylib
0x000000012c3c4000 	/usr/local/opt/ffmpeg/lib/libavformat.57.dylib
0x000000012c576000 	/usr/local/opt/ffmpeg/lib/libavutil.55.dylib
0x000000012c5df000 	/usr/local/opt/ffmpeg/lib/libswscale.4.dylib
0x000000012c65e000 	/usr/local/opt/ffmpeg/lib/libavresample.3.dylib
0x00000000026c6000 	/System/Library/Frameworks/VideoDecodeAcceleration.framework/Versions/A/VideoDecodeAcceleration
0x00000000026c6000 	/System/Library/Frameworks/AVFoundation.framework/Versions/A/AVFoundation
0x000000012c67f000 	/usr/local/opt/libpng/lib/libpng16.16.dylib
0x000000012c6ab000 	/usr/local/opt/libtiff/lib/libtiff.5.dylib
0x000000012c714000 	/usr/local/opt/ilmbase/lib/libImath-2_2.12.dylib
0x000000012c722000 	/usr/local/opt/openexr/lib/libIlmImf-2_2.22.dylib
0x000000012ca02000 	/usr/local/opt/ilmbase/lib/libIex-2_2.12.dylib
0x000000012ca14000 	/usr/local/opt/ilmbase/lib/libHalf.12.dylib
0x000000012ca58000 	/usr/local/opt/ilmbase/lib/libIlmThread-2_2.12.dylib
0x000000012ca60000 	/usr/local/opt/jpeg/lib/libjpeg.9.dylib
0x000000012ca93000 	/usr/local/opt/ilmbase/lib/libIexMath-2_2.12.dylib
0x000000012ca98000 	/usr/local/Cellar/ffmpeg/3.4.2/lib/libswresample.2.dylib
0x000000012cab8000 	/usr/local/opt/x264/lib/libx264.152.dylib
0x000000012cc2e000 	/usr/local/opt/lame/lib/libmp3lame.0.dylib
0x00000000026c6000 	/System/Library/Frameworks/AVFoundation.framework/Versions/A/Frameworks/AVFAudio.framework/Versions/A/AVFAudio
0x00000000026c6000 	/System/Library/PrivateFrameworks/IntlPreferences.framework/Versions/A/IntlPreferences
0x00000000026c6000 	/System/Library/Frameworks/CoreMediaIO.framework/Versions/A/CoreMediaIO
0x00000000026c6000 	/System/Library/PrivateFrameworks/RemoteServiceDiscovery.framework/Versions/A/RemoteServiceDiscovery
0x00000000026c6000 	/System/Library/PrivateFrameworks/RemoteXPC.framework/Versions/A/RemoteXPC
0x00000000026c6000 	/System/Library/PrivateFrameworks/InternationalSupport.framework/Versions/A/InternationalSupport
0x000000012cf51000 	/Library/Java/JavaVirtualMachines/jdk1.8.0_101.jdk/Contents/Home/jre/lib/libjavafx_font.dylib
0x00000000026c6000 	/System/Library/Frameworks/ApplicationServices.framework/Versions/A/Frameworks/ATS.framework/Versions/A/Resources/libTrueTypeScaler.dylib
0x0000000131d9a000 	/Library/Java/JavaVirtualMachines/jdk1.8.0_101.jdk/Contents/Home/jre/lib/libprism_common.dylib
0x00000000026c6000 	/System/Library/Extensions/AppleIntelHD4000GraphicsMTLDriver.bundle/Contents/MacOS/AppleIntelHD4000GraphicsMTLDriver
0x00000000026c6000 	/System/Library/Extensions/GeForceMTLDriver.bundle/Contents/MacOS/GeForceMTLDriver
0x00000000026c6000 	/System/Library/PrivateFrameworks/GPUCompiler.framework/Versions/3802/Libraries/libmetal_timestamp.dylib
0x00000000026c6000 	/System/Library/PrivateFrameworks/ViewBridge.framework/Versions/A/ViewBridge
0x0000000134e75000 	/System/Library/Extensions/AppleHDA.kext/Contents/PlugIns/AppleHDAHALPlugIn.bundle/Contents/MacOS/AppleHDAHALPlugIn
0x0000000134e7f000 	/System/Library/Frameworks/CoreMediaIO.framework/Resources/VDC.plugin/Contents/MacOS/VDC
0x0000000134eb1000 	/System/Library/Frameworks/CoreMediaIO.framework/Resources/CMIOUnits.bundle/Contents/MacOS/CMIOUnits
0x00000000026c6000 	/System/Library/PrivateFrameworks/FWAVC.framework/Versions/A/FWAVC
0x00000000026c6000 	/System/Library/PrivateFrameworks/AppleGVA.framework/Versions/A/AppleGVA
0x0000000135125000 	/Library/Java/JavaVirtualMachines/jdk1.8.0_101.jdk/Contents/Home/jre/lib/libawt.dylib
0x0000000135ad2000 	/Library/Java/JavaVirtualMachines/jdk1.8.0_101.jdk/Contents/Home/jre/lib/./libmlib_image.dylib
0x0000000135b9e000 	/Library/Java/JavaVirtualMachines/jdk1.8.0_101.jdk/Contents/Home/jre/lib/libawt_lwawt.dylib
0x00000001351cd000 	/Library/Java/JavaVirtualMachines/jdk1.8.0_101.jdk/Contents/Home/jre/lib/./libosxapp.dylib
0x00000000026c6000 	/System/Library/Frameworks/ExceptionHandling.framework/Versions/A/ExceptionHandling

VM Arguments:
jvm_args: -Djava.library.path=/usr/local/Cellar/opencv/3.4.0_1/share/OpenCV/java -javaagent:/Users/emilbonnekristiansen/Library/Application Support/JetBrains/Toolbox/apps/IDEA-U/ch-0/173.4548.28/IntelliJ IDEA.app/Contents/lib/idea_rt.jar=49360:/Users/emilbonnekristiansen/Library/Application Support/JetBrains/Toolbox/apps/IDEA-U/ch-0/173.4548.28/IntelliJ IDEA.app/Contents/bin -Dfile.encoding=UTF-8 
java_command: it.polito.elite.teaching.cv.FXHelloCV
java_class_path (initial): /Users/emilbonnekristiansen/Documents/repos/getting-started/FXHelloCV/bin:/Library/Java/JavaVirtualMachines/jdk1.8.0_101.jdk/Contents/Home/jre/lib/charsets.jar:/Library/Java/JavaVirtualMachines/jdk1.8.0_101.jdk/Contents/Home/jre/lib/deploy.jar:/Library/Java/JavaVirtualMachines/jdk1.8.0_101.jdk/Contents/Home/jre/lib/ext/cldrdata.jar:/Library/Java/JavaVirtualMachines/jdk1.8.0_101.jdk/Contents/Home/jre/lib/ext/dnsns.jar:/Library/Java/JavaVirtualMachines/jdk1.8.0_101.jdk/Contents/Home/jre/lib/ext/jaccess.jar:/Library/Java/JavaVirtualMachines/jdk1.8.0_101.jdk/Contents/Home/jre/lib/ext/jfxrt.jar:/Library/Java/JavaVirtualMachines/jdk1.8.0_101.jdk/Contents/Home/jre/lib/ext/localedata.jar:/Library/Java/JavaVirtualMachines/jdk1.8.0_101.jdk/Contents/Home/jre/lib/ext/nashorn.jar:/Library/Java/JavaVirtualMachines/jdk1.8.0_101.jdk/Contents/Home/jre/lib/ext/sunec.jar:/Library/Java/JavaVirtualMachines/jdk1.8.0_101.jdk/Contents/Home/jre/lib/ext/sunjce_provider.jar:/Library/Java/JavaVirtualMachines/jdk1.8.0_101.jdk/Contents/Home/jre/lib/ext/sunpkcs11.jar:/Library/Java/JavaVirtualMachines/jdk1.8.0_101.jdk/Contents/Home/jre/lib/ext/zipfs.jar:/Library/Java/JavaVirtualMachines/jdk1.8.0_101.jdk/Contents/Home/jre/lib/javaws.jar:/Library/Java/JavaVirtualMachines/jdk1.8.0_101.jdk/Contents/Home/jre/lib/jce.jar:/Library/Java/JavaVirtualMachines/jdk1.8.0_101.jdk/Contents/Home/jre/lib/jfr.jar:/Library/Java/JavaVirtualMachines/jdk1.8.0_101.jdk/Contents/Home/jre/lib/jfxswt.jar:/Library/Java/JavaVirtualMachines/jdk1.8.0_101.jdk/Contents/Home/jre/lib/jsse.jar:/Library/Java/JavaVirtualMachines/jdk1.8.0_101.jdk/Contents/Home/jre/lib/management-agent.jar:/Library/Java/JavaVirtualMachines/jdk1.8.0_101.jdk/Contents/Home/jre/lib/plugin.jar:/Library/Java/JavaVirtualMachines/jdk1.8.0_101.jdk/Contents/Home/jre/lib/resources.jar:/Library/Java/JavaVirtualMachines/jdk1.8.0_101.jdk/Contents/Home/jre/lib/rt.jar:/Library/Java/JavaVirtualMachines/jdk1.8.0_101.jdk/Contents/Home/lib/ant-j
Launcher Type: SUN_STANDARD

Environment Variables:
JAVA_HOME=/Library/Java/JavaVirtualMachines/jdk1.8.0_131.jdk/Contents/Home
PATH=/Library/Frameworks/Python.framework/Versions/3.6/bin:/Users/emilbonnekristiansen/.rvm/gems/ruby-2.3.0/bin:/Users/emilbonnekristiansen/.rvm/gems/ruby-2.3.0@global/bin:/Users/emilbonnekristiansen/.rvm/rubies/ruby-2.3.0/bin:/Library/Java/JavaVirtualMachines/jdk1.8.0_131.jdk/Contents/Home/bin:/usr/local/bin:/usr/bin:/bin:/usr/sbin:/sbin:/Library/TeX/texbin:/usr/local/go/bin:/opt/X11/bin:/Applications/Wireshark.app/Contents/MacOS:/usr/local/git/bin:/Applications/Postgres.app/Contents/Versions/latest/bin:/Users/emilbonnekristiansen/Documents/gocode/bin:/Users/emilbonnekristiansen/.rvm/bin
SHELL=/bin/bash
DISPLAY=/private/tmp/com.apple.launchd.Zyw09nZHBe/org.macosforge.xquartz:0

Signal Handlers:
SIGSEGV: [libjvm.dylib+0x5af145], sa_mask[0]=11111111011111110111111111111111, sa_flags=SA_ONSTACK|SA_RESTART|SA_SIGINFO
SIGBUS: [libjvm.dylib+0x5af145], sa_mask[0]=11111111011111110111111111111111, sa_flags=SA_RESTART|SA_SIGINFO
SIGFPE: [libjvm.dylib+0x48694c], sa_mask[0]=11111111011111110111111111111111, sa_flags=SA_RESTART|SA_SIGINFO
SIGPIPE: [libjvm.dylib+0x48694c], sa_mask[0]=11111111011111110111111111111111, sa_flags=SA_RESTART|SA_SIGINFO
SIGXFSZ: [libjvm.dylib+0x48694c], sa_mask[0]=11111111011111110111111111111111, sa_flags=SA_RESTART|SA_SIGINFO
SIGILL: [libjvm.dylib+0x48694c], sa_mask[0]=11111111011111110111111111111111, sa_flags=SA_RESTART|SA_SIGINFO
SIGUSR1: SIG_DFL, sa_mask[0]=00000000000000000000000000000000, sa_flags=none
SIGUSR2: [libjvm.dylib+0x48646a], sa_mask[0]=00100000000000000000000000000000, sa_flags=SA_RESTART|SA_SIGINFO
SIGHUP: [libjvm.dylib+0x484a41], sa_mask[0]=11111111011111110111111111111111, sa_flags=SA_RESTART|SA_SIGINFO
SIGINT: [libjvm.dylib+0x484a41], sa_mask[0]=11111111011111110111111111111111, sa_flags=SA_RESTART|SA_SIGINFO
SIGTERM: [libjvm.dylib+0x484a41], sa_mask[0]=11111111011111110111111111111111, sa_flags=SA_RESTART|SA_SIGINFO
SIGQUIT: [libjvm.dylib+0x484a41], sa_mask[0]=11111111011111110111111111111111, sa_flags=SA_RESTART|SA_SIGINFO


---------------  S Y S T E M  ---------------

OS:Bsduname:Darwin 17.4.0 Darwin Kernel Version 17.4.0: Sun Dec 17 09:19:54 PST 2017; root:xnu-4570.41.2~1/RELEASE_X86_64 x86_64
rlimit: STACK 8192k, CORE 0k, NPROC 1418, NOFILE 10240, AS infinity
load average:2.94 2.96 2.82

CPU:total 8 (4 cores per cpu, 2 threads per core) family 6 model 58 stepping 9, cmov, cx8, fxsr, mmx, sse, sse2, sse3, ssse3, sse4.1, sse4.2, popcnt, avx, aes, clmul, erms, ht, tsc, tscinvbit, tscinv

Memory: 4k page, physical 16777216k(424292k free)

/proc/meminfo:


vm_info: Java HotSpot(TM) 64-Bit Server VM (25.101-b13) for bsd-amd64 JRE (1.8.0_101-b13), built on Jun 22 2016 02:42:15 by "java_re" with gcc 4.2.1 (Based on Apple Inc. build 5658) (LLVM build 2336.11.00)

time: Fri Mar  9 02:28:38 2018
elapsed time: 16 seconds (0d 0h 0m 16s)

